This is pdfTeX, Version 3.1415926-1.40.10 (MiKTeX 2.8) (preloaded format=latex 2012.6.13)  14 JUN 2012 16:52
entering extended mode
**diffusion.tex
("C:\Users\Shaomei\Documents\My Dropbox\cu_thesis-2.9\diffusion.tex"
LaTeX2e <2009/09/24>
Babel <v3.8l> and hyphenation patterns for english, dumylang, nohyphenation, ge
rman, ngerman, german-x-2009-06-19, ngerman-x-2009-06-19, french, loaded.
("C:\Users\Shaomei\Documents\My Dropbox\cu_thesis-2.9\cornell.cls"
Document Class: cornell 2008/4/17 v2.9 Cornell University thesis class
("C:\Program Files (x86)\MiKTeX 2.8\tex\latex\base\report.cls"
Document Class: report 2007/10/19 v1.4h Standard LaTeX document class
("C:\Program Files (x86)\MiKTeX 2.8\tex\latex\base\size12.clo"
File: size12.clo 2007/10/19 v1.4h Standard LaTeX file (size option)
)
\c@part=\count79
\c@chapter=\count80
\c@section=\count81
\c@subsection=\count82
\c@subsubsection=\count83
\c@paragraph=\count84
\c@subparagraph=\count85
\c@figure=\count86
\c@table=\count87
\abovecaptionskip=\skip41
\belowcaptionskip=\skip42
\bibindent=\dimen102
)
\@abhdskip=\skip43
)
("C:\Program Files (x86)\MiKTeX 2.8\tex\latex\graphics\graphicx.sty"
Package: graphicx 1999/02/16 v1.0f Enhanced LaTeX Graphics (DPC,SPQR)

("C:\Program Files (x86)\MiKTeX 2.8\tex\latex\graphics\keyval.sty"
Package: keyval 1999/03/16 v1.13 key=value parser (DPC)
\KV@toks@=\toks14
)
("C:\Program Files (x86)\MiKTeX 2.8\tex\latex\graphics\graphics.sty"
Package: graphics 2009/02/05 v1.0o Standard LaTeX Graphics (DPC,SPQR)

("C:\Program Files (x86)\MiKTeX 2.8\tex\latex\graphics\trig.sty"
Package: trig 1999/03/16 v1.09 sin cos tan (DPC)
)
("C:\Program Files (x86)\MiKTeX 2.8\tex\latex\00miktex\graphics.cfg"
File: graphics.cfg 2007/01/18 v1.5 graphics configuration of teTeX/TeXLive
)
Package graphics Info: Driver file: dvips.def on input line 91.

("C:\Program Files (x86)\MiKTeX 2.8\tex\latex\graphics\dvips.def"
File: dvips.def 1999/02/16 v3.0i Driver-dependant file (DPC,SPQR)
))
\Gin@req@height=\dimen103
\Gin@req@width=\dimen104
)
("C:\Program Files (x86)\MiKTeX 2.8\tex\latex\pstricks\pstricks.sty"
Package: pstricks 2008/11/26 v0.40 LaTeX wrapper for `PSTricks' (RN,HV)

("C:\Program Files (x86)\MiKTeX 2.8\tex\generic\pstricks\pstricks.tex"
`PSTricks' v1.29  <2009/05/19> (tvz)
\pst@dima=\dimen105
\pst@dimb=\dimen106
\pst@dimc=\dimen107
\pst@dimd=\dimen108
\pst@dimg=\dimen109
\pst@dimh=\dimen110
\pst@hbox=\box26
\pst@boxg=\box27
\pst@cnta=\count88
\pst@cntb=\count89
\pst@cntc=\count90
\pst@cntd=\count91
\pst@cntg=\count92
\pst@cnth=\count93
\pst@toks=\toks15
("C:\Program Files (x86)\MiKTeX 2.8\tex\generic\pstricks\pstricks.con")
\psunit=\dimen111
\psxunit=\dimen112
\psyunit=\dimen113
\pslinewidth=\dimen114
\pst@customdefs=\toks16
\pslinearc=\dimen115
\everypsbox=\toks17
\psframesep=\dimen116
\pslabelsep=\dimen117
\pst@shift=\dimen118
\theoverlaybox=\box28
)
File: pstricks.tex 2009/05/19 v1.29 `PSTricks' (tvz,hv)

("C:\Users\Shaomei\Documents\My Dropbox\cu_thesis-2.9\xcolor.sty"
Package: xcolor 2007/01/21 v2.11 LaTeX color extensions (UK)

("C:\Program Files (x86)\MiKTeX 2.8\tex\latex\00miktex\color.cfg"
File: color.cfg 2007/01/18 v1.5 color configuration of teTeX/TeXLive
)
Package xcolor Info: Driver file: dvips.def on input line 225.
Package xcolor Info: Model `cmy' substituted by `cmy0' on input line 1337.
Package xcolor Info: Model `RGB' extended on input line 1353.
Package xcolor Info: Model `HTML' substituted by `rgb' on input line 1355.
Package xcolor Info: Model `Hsb' substituted by `hsb' on input line 1356.
Package xcolor Info: Model `tHsb' substituted by `hsb' on input line 1357.
Package xcolor Info: Model `HSB' substituted by `hsb' on input line 1358.
Package xcolor Info: Model `Gray' substituted by `gray' on input line 1359.
Package xcolor Info: Model `wave' substituted by `hsb' on input line 1360.
))
("C:\Program Files (x86)\MiKTeX 2.8\tex\latex\moreverb\moreverb.sty"
Package: moreverb 2008/06/03 v2.3a `more' verbatim facilities

("C:\Program Files (x86)\MiKTeX 2.8\tex\latex\tools\verbatim.sty"
Package: verbatim 2003/08/22 v1.5q LaTeX2e package for verbatim enhancements
\every@verbatim=\toks18
\verbatim@line=\toks19
\verbatim@in@stream=\read1
)
\tab@position=\count94
\tab@size=\count95
\listing@line=\count96
)
("C:\Program Files (x86)\MiKTeX 2.8\tex\latex\subfigure\subfigure.sty"
Package: subfigure 2002/07/30 v2.1.4 subfigure package
\subfigtopskip=\skip44
\subfigcapskip=\skip45
\subfigcaptopadj=\dimen119
\subfigbottomskip=\skip46
\subfigcapmargin=\dimen120
\subfiglabelskip=\skip47
\c@subfigure=\count97
\c@lofdepth=\count98
\c@subtable=\count99
\c@lotdepth=\count100

****************************************
* Local config file subfigure.cfg used *
****************************************
("C:\Program Files (x86)\MiKTeX 2.8\tex\latex\subfigure\subfigure.cfg")
\subfig@top=\skip48
\subfig@bottom=\skip49
)
("C:\Program Files (x86)\MiKTeX 2.8\tex\latex\graphics\epsfig.sty"
Package: epsfig 1999/02/16 v1.7a (e)psfig emulation (SPQR)
\epsfxsize=\dimen121
\epsfysize=\dimen122
)
(C:\Users\Shaomei\AppData\Roaming\MiKTeX\2.8\tex\latex\misc209\hangcaption.sty
\captionwidth=\skip50
) (C:\Users\Shaomei\AppData\Roaming\MiKTeX\2.8\tex\latex\txfonts\txfonts.sty
Package: txfonts 2008/01/22 v3.2.1
LaTeX Font Info:    Redeclaring symbol font `operators' on input line 21.
LaTeX Font Info:    Overwriting symbol font `operators' in version `normal'
(Font)                  OT1/cmr/m/n --> OT1/txr/m/n on input line 21.
LaTeX Font Info:    Overwriting symbol font `operators' in version `bold'
(Font)                  OT1/cmr/bx/n --> OT1/txr/m/n on input line 21.
LaTeX Font Info:    Overwriting symbol font `operators' in version `bold'
(Font)                  OT1/txr/m/n --> OT1/txr/bx/n on input line 22.
\symitalic=\mathgroup4
LaTeX Font Info:    Overwriting symbol font `italic' in version `bold'
(Font)                  OT1/txr/m/it --> OT1/txr/bx/it on input line 26.
LaTeX Font Info:    Redeclaring math alphabet \mathbf on input line 29.
LaTeX Font Info:    Overwriting math alphabet `\mathbf' in version `normal'
(Font)                  OT1/cmr/bx/n --> OT1/txr/bx/n on input line 29.
LaTeX Font Info:    Overwriting math alphabet `\mathbf' in version `bold'
(Font)                  OT1/cmr/bx/n --> OT1/txr/bx/n on input line 29.
LaTeX Font Info:    Redeclaring math alphabet \mathit on input line 30.
LaTeX Font Info:    Overwriting math alphabet `\mathit' in version `normal'
(Font)                  OT1/cmr/m/it --> OT1/txr/m/it on input line 30.
LaTeX Font Info:    Overwriting math alphabet `\mathit' in version `bold'
(Font)                  OT1/cmr/bx/it --> OT1/txr/m/it on input line 30.
LaTeX Font Info:    Overwriting math alphabet `\mathit' in version `bold'
(Font)                  OT1/txr/m/it --> OT1/txr/bx/it on input line 31.
LaTeX Font Info:    Redeclaring math alphabet \mathsf on input line 40.
LaTeX Font Info:    Overwriting math alphabet `\mathsf' in version `normal'
(Font)                  OT1/cmss/m/n --> OT1/txss/m/n on input line 40.
LaTeX Font Info:    Overwriting math alphabet `\mathsf' in version `bold'
(Font)                  OT1/cmss/bx/n --> OT1/txss/m/n on input line 40.
LaTeX Font Info:    Overwriting math alphabet `\mathsf' in version `bold'
(Font)                  OT1/txss/m/n --> OT1/txss/b/n on input line 41.
LaTeX Font Info:    Redeclaring math alphabet \mathtt on input line 50.
LaTeX Font Info:    Overwriting math alphabet `\mathtt' in version `normal'
(Font)                  OT1/cmtt/m/n --> OT1/txtt/m/n on input line 50.
LaTeX Font Info:    Overwriting math alphabet `\mathtt' in version `bold'
(Font)                  OT1/cmtt/m/n --> OT1/txtt/m/n on input line 50.
LaTeX Font Info:    Overwriting math alphabet `\mathtt' in version `bold'
(Font)                  OT1/txtt/m/n --> OT1/txtt/b/n on input line 51.
LaTeX Font Info:    Redeclaring symbol font `letters' on input line 58.
LaTeX Font Info:    Overwriting symbol font `letters' in version `normal'
(Font)                  OML/cmm/m/it --> OML/txmi/m/it on input line 58.
LaTeX Font Info:    Overwriting symbol font `letters' in version `bold'
(Font)                  OML/cmm/b/it --> OML/txmi/m/it on input line 58.
LaTeX Font Info:    Overwriting symbol font `letters' in version `bold'
(Font)                  OML/txmi/m/it --> OML/txmi/bx/it on input line 59.
\symlettersA=\mathgroup5
LaTeX Font Info:    Overwriting symbol font `lettersA' in version `bold'
(Font)                  U/txmia/m/it --> U/txmia/bx/it on input line 67.
LaTeX Font Info:    Redeclaring symbol font `symbols' on input line 77.
LaTeX Font Info:    Overwriting symbol font `symbols' in version `normal'
(Font)                  OMS/cmsy/m/n --> OMS/txsy/m/n on input line 77.
LaTeX Font Info:    Overwriting symbol font `symbols' in version `bold'
(Font)                  OMS/cmsy/b/n --> OMS/txsy/m/n on input line 77.
LaTeX Font Info:    Overwriting symbol font `symbols' in version `bold'
(Font)                  OMS/txsy/m/n --> OMS/txsy/bx/n on input line 78.
\symAMSa=\mathgroup6
LaTeX Font Info:    Overwriting symbol font `AMSa' in version `bold'
(Font)                  U/txsya/m/n --> U/txsya/bx/n on input line 94.
\symAMSb=\mathgroup7
LaTeX Font Info:    Overwriting symbol font `AMSb' in version `bold'
(Font)                  U/txsyb/m/n --> U/txsyb/bx/n on input line 103.
\symsymbolsC=\mathgroup8
LaTeX Font Info:    Overwriting symbol font `symbolsC' in version `bold'
(Font)                  U/txsyc/m/n --> U/txsyc/bx/n on input line 113.
LaTeX Font Info:    Redeclaring symbol font `largesymbols' on input line 120.
LaTeX Font Info:    Overwriting symbol font `largesymbols' in version `normal'
(Font)                  OMX/cmex/m/n --> OMX/txex/m/n on input line 120.
LaTeX Font Info:    Overwriting symbol font `largesymbols' in version `bold'
(Font)                  OMX/cmex/m/n --> OMX/txex/m/n on input line 120.
LaTeX Font Info:    Overwriting symbol font `largesymbols' in version `bold'
(Font)                  OMX/txex/m/n --> OMX/txex/bx/n on input line 121.
\symlargesymbolsA=\mathgroup9
LaTeX Font Info:    Overwriting symbol font `largesymbolsA' in version `bold'
(Font)                  U/txexa/m/n --> U/txexa/bx/n on input line 129.
LaTeX Info: Redefining \not on input line 1043.
)
("C:\Program Files (x86)\MiKTeX 2.8\tex\latex\psnfss\palatino.sty"
Package: palatino 2005/04/12 PSNFSS-v9.2a (SPQR) 
)
("C:\Program Files (x86)\MiKTeX 2.8\tex\latex\ltxmisc\url.sty"
\Urlmuskip=\muskip10
Package: url 2006/04/12  ver 3.3  Verb mode for urls, etc.
)
("C:\Users\Shaomei\Documents\My Dropbox\cu_thesis-2.9\diffusion.aux"

LaTeX Warning: Label `table:performance' multiply defined.


LaTeX Warning: Label `fig:density_active' multiply defined.


LaTeX Warning: Label `sub@fig:density_active' multiply defined.


LaTeX Warning: Label `fig:dblp_density_inactive' multiply defined.


LaTeX Warning: Label `sub@fig:dblp_density_inactive' multiply defined.

)
LaTeX Font Info:    Checking defaults for OML/txmi/m/it on input line 45.
LaTeX Font Info:    Try loading font information for OML+txmi on input line 45.

 (C:\Users\Shaomei\AppData\Roaming\MiKTeX\2.8\tex\latex\txfonts\omltxmi.fd
File: omltxmi.fd 2000/12/15 v3.1
)
LaTeX Font Info:    ... okay on input line 45.
LaTeX Font Info:    Checking defaults for T1/cmr/m/n on input line 45.
LaTeX Font Info:    ... okay on input line 45.
LaTeX Font Info:    Checking defaults for OT1/cmr/m/n on input line 45.
LaTeX Font Info:    ... okay on input line 45.
LaTeX Font Info:    Checking defaults for OMS/txsy/m/n on input line 45.
LaTeX Font Info:    Try loading font information for OMS+txsy on input line 45.


(C:\Users\Shaomei\AppData\Roaming\MiKTeX\2.8\tex\latex\txfonts\omstxsy.fd
File: omstxsy.fd 2000/12/15 v3.1
)
LaTeX Font Info:    ... okay on input line 45.
LaTeX Font Info:    Checking defaults for OMX/txex/m/n on input line 45.
LaTeX Font Info:    Try loading font information for OMX+txex on input line 45.


(C:\Users\Shaomei\AppData\Roaming\MiKTeX\2.8\tex\latex\txfonts\omxtxex.fd
File: omxtxex.fd 2000/12/15 v3.1
)
LaTeX Font Info:    ... okay on input line 45.
LaTeX Font Info:    Checking defaults for U/txexa/m/n on input line 45.
LaTeX Font Info:    Try loading font information for U+txexa on input line 45.

(C:\Users\Shaomei\AppData\Roaming\MiKTeX\2.8\tex\latex\txfonts\utxexa.fd
File: utxexa.fd 2000/12/15 v3.1
)
LaTeX Font Info:    ... okay on input line 45.
LaTeX Font Info:    Try loading font information for OT1+ppl on input line 45.

("C:\Program Files (x86)\MiKTeX 2.8\tex\latex\psnfss\ot1ppl.fd"
File: ot1ppl.fd 2001/06/04 font definitions for OT1/ppl.
)
Title page
[1

]
Copyleft page
LaTeX Font Info:    Try loading font information for OMS+ppl on input line 48.
("C:\Program Files (x86)\MiKTeX 2.8\tex\latex\psnfss\omsppl.fd"
File: omsppl.fd 
)
LaTeX Font Info:    Font shape `OMS/ppl/m/n' in size <12> not available
(Font)              Font shape `OMS/cmsy/m/n' tried instead on input line 48.
 [2

]
Abstract
[3

]
Vita
LaTeX Font Info:    Font shape `OT1/ppl/bx/n' in size <12> not available
(Font)              Font shape `OT1/ppl/b/n' tried instead on input line 56.
[3


] [4

] [5


] ("C:\Users\Shaomei\Documents\My Dropbox\cu_thesis-2.9\diffusion.toc"
LaTeX Font Info:    Try loading font information for OT1+txr on input line 1.
 (C:\Users\Shaomei\AppData\Roaming\MiKTeX\2.8\tex\latex\txfonts\ot1txr.fd
File: ot1txr.fd 2000/12/15 v3.1
)
LaTeX Font Info:    Try loading font information for U+txmia on input line 1.

(C:\Users\Shaomei\AppData\Roaming\MiKTeX\2.8\tex\latex\txfonts\utxmia.fd
File: utxmia.fd 2000/12/15 v3.1
)
LaTeX Font Info:    Try loading font information for U+txsya on input line 1.

(C:\Users\Shaomei\AppData\Roaming\MiKTeX\2.8\tex\latex\txfonts\utxsya.fd
File: utxsya.fd 2000/12/15 v3.1
)
LaTeX Font Info:    Try loading font information for U+txsyb on input line 1.

(C:\Users\Shaomei\AppData\Roaming\MiKTeX\2.8\tex\latex\txfonts\utxsyb.fd
File: utxsyb.fd 2000/12/15 v3.1
)
LaTeX Font Info:    Try loading font information for U+txsyc on input line 1.

(C:\Users\Shaomei\AppData\Roaming\MiKTeX\2.8\tex\latex\txfonts\utxsyc.fd
File: utxsyc.fd 2000/12/15 v3.1
)
LaTeX Font Info:    Font shape `OT1/ppl/bx/n' in size <14.4> not available
(Font)              Font shape `OT1/ppl/b/n' tried instead on input line 7.

[6


] [7])
\tf@toc=\write3
 [8] ("C:\Users\Shaomei\Documents\My Dropbox\cu_thesis-2.9\diffusion.lot")
\tf@lot=\write4
 [9


] ("C:\Users\Shaomei\Documents\My Dropbox\cu_thesis-2.9\diffusion.lof"
Underfull \hbox (badness 1147) in paragraph at lines 41--41
 [][][] []\OT1/ppl/m/n/10.95 Probability of de-par-ture as func-tion of dif-fer
-ent lo-cal prop-er-ties. 
 []

[10


])
\tf@lof=\write5
 [11]
LaTeX Font Info:    Font shape `OT1/ppl/bx/n' in size <24.88> not available
(Font)              Font shape `OT1/ppl/b/n' tried instead on input line 76.
 [1


]
Chapter 1.
[2

] [3]

LaTeX Warning: Citation `Leskovec-Newscycle-2009' on page 4 undefined on input 
line 111.

[4] [5]
Chapter 2.
[6

] [7] [8] [9]

LaTeX Warning: Citation `Suri-Triangle-2011' on page 10 undefined on input line
 197.

[10] [11

] [12]
Chapter 3.

Underfull \hbox (badness 10000) in paragraph at lines 237--237
[][]\OT1/ppl/m/n/10 At the time of this study, the data was free to down-load f
rom
 []


LaTeX Warning: Citation `kwak_10' on page 13 undefined on input line 237.

[13

]
Underfull \hbox (badness 1259) in paragraph at lines 242--247
[]\OT1/ppl/m/n/12 In ad-di-tion, we were in-ter-ested in the con-tent that was 
be-ing shared---
 []

[14]

LaTeX Warning: Reference `sec:introduction' on page 15 undefined on input line 
270.

[15]
Underfull \hbox (badness 2865) in paragraph at lines 304--314
\OT1/ppl/m/n/12 kikolani, smart-blog-gerz, El-e-ment321, bran-dona-cox, re-mark
-ablog-ger,
 []

[16]
File: figures/snowball_sample.eps Graphic file (type eps)
 <figures/snowball_sample.eps> [17] [18] [19]
File: figures/top_users_outflow_to_random_other_users_500K.eps Graphic file (ty
pe eps)

<figures/top_users_outflow_to_random_other_users_500K.eps>
File: figures/top_users_outflow_to_random_other_users_800K.eps Graphic file (ty
pe eps)

<figures/top_users_outflow_to_random_other_users_800K.eps> [20] [21] [22]
File: figures/mostRTing_user_outflow_to_random_other_users.eps Graphic file (ty
pe eps)

<figures/mostRTing_user_outflow_to_random_other_users.eps> [23]
LaTeX Font Info:    Font shape `OT1/ppl/bx/n' in size <8> not available
(Font)              Font shape `OT1/ppl/b/n' tried instead on input line 651.
File: figures/visualization_500K_tweets.eps Graphic file (type eps)

<figures/visualization_500K_tweets.eps> [24]
Chapter 4.
[25

]
File: figures/rt_topUsers_500K.eps Graphic file (type eps)
 <figures/rt_topUsers_500K.eps> [26]

LaTeX Warning: Citation `bakshy_11' on page 27 undefined on input line 768.

[27]
File: figures/nyt_url_cat.eps Graphic file (type eps)
 <figures/nyt_url_cat.eps> [28] [29]
File: figures/pop_url_cat_RT.eps Graphic file (type eps)
 <figures/pop_url_cat_RT.eps> [30]
Chapter 5.
[31

]
File: figures/window_estimation_procedure_scheme.eps Graphic file (type eps)
 <figures/window_estimation_procedure_scheme.eps>
File: figures/tau_delta.eps Graphic file (type eps)
 <figures/tau_delta.eps>
[32]
File: figures/url_lifespan_by_categories_500K_censored.eps Graphic file (type e
ps)
 <figures/url_lifespan_by_categories_500K_censored.eps>
File: figures/url_lifespan_percentage_by_categories_500K_censored.eps Graphic f
ile (type eps)

<figures/url_lifespan_percentage_by_categories_500K_censored.eps> [33] [34]
File: figures/url_lifespan_RTrate_by_categories_500K_censored.eps Graphic file 
(type eps)

<figures/url_lifespan_RTrate_by_categories_500K_censored.eps>
File: figures/domains_breakdown_longlived_urls.eps Graphic file (type eps)

<figures/domains_breakdown_longlived_urls.eps> [35] [36]

LaTeX Warning: Citation `Jaewon:2011' on page 37 undefined on input line 1032.


LaTeX Warning: Citation `Shaomei:2011' on page 37 undefined on input line 1036.


[37]

LaTeX Warning: Citation `Shaomei:2011' on page 38 undefined on input line 1060.



LaTeX Warning: Citation `Shaomei:2011' on page 38 undefined on input line 1062.


File: figures/tu_distribution.eps Graphic file (type eps)
<figures/tu_distribution.eps> [38]

LaTeX Warning: Citation `Shaomei:2011' on page 39 undefined on input line 1074.


File: figures/tu_rt_tweet.eps Graphic file (type eps)
<figures/tu_rt_tweet.eps> [39]

LaTeX Warning: Citation `Jaewon:2011' on page 40 undefined on input line 1133.

File: figures/class_centroids.eps Graphic file (type eps)
<figures/class_centroids.eps> [40]
Overfull \hbox (26.47209pt too wide) in paragraph at lines 1151--1152
[][]\OT1/ppl/m/n/12 Header. The text in the header of HTML, within tags ``$\OML
/txmi/m/it/12 <$\OT1/ppl/m/n/12 title$\OML/txmi/m/it/12 >$\OT1/ppl/m/n/12 '',``
$\OML/txmi/m/it/12 <$\OT1/ppl/m/n/12 description$\OML/txmi/m/it/12 >$\OT1/ppl/m
/n/12 '',
 []

[41]
LaTeX Font Info:    Try loading font information for OT1+pcr on input line 1178
.
 ("C:\Program Files (x86)\MiKTeX 2.8\tex\latex\psnfss\ot1pcr.fd"
File: ot1pcr.fd 2001/06/04 font definitions for OT1/pcr.
) [42]

LaTeX Warning: Citation `liwc' on page 43 undefined on input line 1219.

[43]
File: figures/liwc_distribution.eps Graphic file (type eps)
 <figures/liwc_distribution.eps>
Overfull \hbox (50.58878pt too wide) in paragraph at lines 1225--1226
 [][][] 
 []

[44]
File: figures/liwc_trends.eps Graphic file (type eps)
 <figures/liwc_trends.eps>
Overfull \hbox (50.58878pt too wide) in paragraph at lines 1242--1243
 [][][] 
 []


LaTeX Warning: Citation `Berger:10' on page 45 undefined on input line 1250.


LaTeX Warning: Citation `Hansen:11' on page 45 undefined on input line 1250.


LaTeX Warning: Citation `Berger:10' on page 45 undefined on input line 1250.

[45]

LaTeX Warning: Citation `Blei:03' on page 46 undefined on input line 1273.

[46]
File: figures/topics_distribution.eps Graphic file (type eps)
 <figures/topics_distribution.eps>
Overfull \hbox (50.58878pt too wide) in paragraph at lines 1293--1294
 [][][] 
 []

[47]

LaTeX Warning: Citation `Kleinberg:2004' on page 48 undefined on input line 134
4.

[48]

LaTeX Warning: Citation `Kleinberg:2004' on page 49 undefined on input line 138
6.


LaTeX Warning: Citation `Kleinberg:2004' on page 49 undefined on input line 138
6.

[49] [50]

LaTeX Warning: Citation `Shaomei:2011' on page 51 undefined on input line 1396.


[51]
File: figures/youtube_tu_distribution.eps Graphic file (type eps)
 <figures/youtube_tu_distribution.eps>
File: figures/youtube_like_dislike_rate.eps Graphic file (type eps)

<figures/youtube_like_dislike_rate.eps>
File: figures/youtube_bad_rate.eps Graphic file (type eps)
 <figures/youtube_bad_rate.eps>
File: figures/youtube_comment_view.eps Graphic file (type eps)

<figures/youtube_comment_view.eps> [52] [53] [54] [55]
File: figures/arrival_and_departure_time_gap_cdf.eps Graphic file (type eps)

<figures/arrival_and_departure_time_gap_cdf.eps>
File: figures/dblp_arrival_and_departure_time_gap_cdf.eps Graphic file (type ep
s)

<figures/dblp_arrival_and_departure_time_gap_cdf.eps>

LaTeX Warning: `h' float specifier changed to `ht'.

[56]
File: figures/friend_random_cdf_gap.eps Graphic file (type eps)
 <figures/friend_random_cdf_gap.eps>
File: figures/dblp_friend_random_cdf_gap.eps Graphic file (type eps)

<figures/dblp_friend_random_cdf_gap.eps>

LaTeX Warning: Citation `Backstrom:2006' on page 57 undefined on input line 161
5.

[57]
File: figures/friend_signup_count_dist.eps Graphic file (type eps)
 <figures/friend_signup_count_dist.eps>
Underfull \hbox (badness 10000) in paragraph at lines 1636--1636
[]\OT1/ppl/m/n/10 (a)
 []

File: figures/friend_signup_frac_dist.eps Graphic file (type eps)
<figures/friend_signup_frac_dist.eps>
Underfull \hbox (badness 10000) in paragraph at lines 1637--1637
[][]\OT1/ppl/m/n/10 (b) Frac-
 []

File: figures/dblp_friend_signup_count_dist.eps Graphic file (type eps)
<figures/dblp_friend_signup_count_dist.eps>
Underfull \hbox (badness 10000) in paragraph at lines 1639--1639
[]\OT1/ppl/m/n/10 (c)
 []

File: figures/dblp_friend_signup_frac_dist.eps Graphic file (type eps)
<figures/dblp_friend_signup_frac_dist.eps>
Underfull \hbox (badness 10000) in paragraph at lines 1640--1640
[][]\OT1/ppl/m/n/10 (d) Frac-
 []

[58]

LaTeX Warning: Citation `Backstrom:2006' on page 59 undefined on input line 165
7.

[59]
File: figures/p_k_active_curves.eps Graphic file (type eps)
 <figures/p_k_active_curves.eps>
File: figures/p_k_curves.eps Graphic file (type eps)
 <figures/p_k_curves.eps>
File: figures/dblp_p_k_active_curves.eps Graphic file (type eps)

<figures/dblp_p_k_active_curves.eps>
File: figures/dblp_p_k_curves.eps Graphic file (type eps)
 <figures/dblp_p_k_curves.eps>
File: figures/p_f_active_curves.eps Graphic file (type eps)

<figures/p_f_active_curves.eps>
File: figures/p_r_curves.eps Graphic file (type eps)
 <figures/p_r_curves.eps>

LaTeX Warning: Citation `Backstrom:2006' on page 60 undefined on input line 172
5.

[60]

LaTeX Warning: Citation `Backstrom:2006' on page 61 undefined on input line 172
7.

[61] [62] [63]
File: figures/p_f_active_3_levels.eps Graphic file (type eps)
 <figures/p_f_active_3_levels.eps>
File: figures/p_k_active_3_levels.eps Graphic file (type eps)

<figures/p_k_active_3_levels.eps>
File: figures/p_k_3_levels.eps Graphic file (type eps)
 <figures/p_k_3_levels.eps> [64] [65] [66]
File: figures/edges_active.eps Graphic file (type eps)

<figures/edges_active.eps>
File: figures/edges_inactive.eps Graphic file (type eps)
 <figures/edges_inactive.eps>
File: figures/edges_semi_active.eps Graphic file (type eps)

<figures/edges_semi_active.eps>
Underfull \hbox (badness 10000) in paragraph at lines 1853--1853
[][]\OT1/ppl/m/n/10 (c) semi-
 []

File: figures/dblp_edges_active.eps Graphic file (type eps)
<figures/dblp_edges_active.eps>
File: figures/dblp_edges_inactive.eps Graphic file (type eps)
 <figures/dblp_edges_inactive.eps>
File: figures/dblp_edges_semi_active.eps Graphic file (type eps)

<figures/dblp_edges_semi_active.eps>
Underfull \hbox (badness 10000) in paragraph at lines 1856--1856
[][]\OT1/ppl/m/n/10 (f) semi-
 []

[67] [68]
File: figures/density_active.eps Graphic file (type eps)
 <figures/density_active.eps>
File: figures/density_inactive.eps Graphic file (type eps)
 <figures/density_inactive.eps>
File: figures/dblp_density_active.eps Graphic file (type eps)

<figures/dblp_density_active.eps>
File: figures/dblp_density_inactive.eps Graphic file (type eps)
 <figures/dblp_density_inactive.eps> [69]
[70]
File: figures/conductance.eps Graphic file (type eps)
 <figures/conductance.eps>
File: figures/dblp_conductance.eps Graphic file (type eps)
 <figures/dblp_conductance.eps> [71] [72]
[73

]
Missing character: There is no ¡ in font pplr7t!
Missing character: There is no ¯ in font pplr7t!
 [74]
Chapter 6.
[75

]
Chapter 7.
[76

]
Chapter 8.
[77

] [78

]
Chapter 9.

LaTeX Warning: Citation `Wu-Twitter-2011' on page 79 undefined on input line 20
05.

[79

]
Chapter 10.

LaTeX Warning: Citation `Wu-ICWSM-2011' on page 80 undefined on input line 2011
.

[80

]
Chapter 11.
[81

]
Chapter 12.
[82

]
Chapter 13.
[83

]
Underfull \hbox (badness 1178) in paragraph at lines 2034--2035
\OT1/ppl/m/n/12 seeds, and re-trieved the pro-files of all the seeds, and all t
he neigh-bors
 []

[84] [85] [86] [87] [88] [89]
Chapter 14.
[90

]
Appendix A.
No file diffusion.bbl.
[91

] ("C:\Users\Shaomei\Documents\My Dropbox\cu_thesis-2.9\diffusion.aux")

LaTeX Warning: There were undefined references.


LaTeX Warning: There were multiply-defined labels.

 ) 
Here is how much of TeX's memory you used:
 3517 strings out of 495286
 46875 string characters out of 3179895
 107549 words of memory out of 3000000
 6614 multiletter control sequences out of 15000+200000
 33737 words of font info for 102 fonts, out of 3000000 for 9000
 14 hyphenation exceptions out of 8191
 30i,9n,37p,1593b,342s stack positions out of 5000i,500n,10000p,200000b,50000s

Output written on diffusion.dvi (103 pages, 249788 bytes).
